[ERROR] [2015-07-24 10:14:55][org.mybatis.caches.memcached.MemcachedCache]Impossible to retrieve group '_mybatis_812c516200027c6d59a514c3be83675ea36daa6d' see nested exceptions
  net.spy.memcached.OperationTimeoutException: Timeout waiting for value: waited 2,500 ms. Node status: Connection Status { localhost/127.0.0.1:11211 active: false, authed: true, last read: 2,540 ms ago }
	at net.spy.memcached.MemcachedClient.get(MemcachedClient.java:1238)
	at net.spy.memcached.MemcachedClient.get(MemcachedClient.java:1255)
	at org.mybatis.caches.memcached.MemcachedClientWrapper.retrieve(MemcachedClientWrapper.java:166)
	at org.mybatis.caches.memcached.MemcachedClientWrapper.getGroup(MemcachedClientWrapper.java:113)
	at org.mybatis.caches.memcached.MemcachedClientWrapper.putObject(MemcachedClientWrapper.java:188)
	at org.mybatis.caches.memcached.MemcachedCache.putObject(MemcachedCache.java:89)
	at mavenToSSM2.MemcachedTestCase.shouldFlushAllItemsOnDemand(MemcachedTestCase.java:41)
	at sun.reflect.NativeMethodAccessorImpl.invoke0(Native Method)
	at sun.reflect.NativeMethodAccessorImpl.invoke(Unknown Source)
	at sun.reflect.DelegatingMethodAccessorImpl.invoke(Unknown Source)
	at java.lang.reflect.Method.invoke(Unknown Source)
	at org.junit.runners.model.FrameworkMethod$1.runReflectiveCall(FrameworkMethod.java:47)
	at org.junit.internal.runners.model.ReflectiveCallable.run(ReflectiveCallable.java:12)
	at org.junit.runners.model.FrameworkMethod.invokeExplosively(FrameworkMethod.java:44)
	at org.junit.internal.runners.statements.InvokeMethod.evaluate(InvokeMethod.java:17)
	at org.junit.internal.runners.statements.RunBefores.evaluate(RunBefores.java:26)
	at org.junit.runners.ParentRunner.runLeaf(ParentRunner.java:271)
	at org.junit.runners.BlockJUnit4ClassRunner.runChild(BlockJUnit4ClassRunner.java:70)
	at org.junit.runners.BlockJUnit4ClassRunner.runChild(BlockJUnit4ClassRunner.java:50)
	at org.junit.runners.ParentRunner$3.run(ParentRunner.java:238)
	at org.junit.runners.ParentRunner$1.schedule(ParentRunner.java:63)
	at org.junit.runners.ParentRunner.runChildren(ParentRunner.java:236)
	at org.junit.runners.ParentRunner.access$000(ParentRunner.java:53)
	at org.junit.runners.ParentRunner$2.evaluate(ParentRunner.java:229)
	at org.junit.runners.ParentRunner.run(ParentRunner.java:309)
	at org.eclipse.jdt.internal.junit4.runner.JUnit4TestReference.run(JUnit4TestReference.java:50)
	at org.eclipse.jdt.internal.junit.runner.TestExecution.run(TestExecution.java:38)
	at org.eclipse.jdt.internal.junit.runner.RemoteTestRunner.runTests(RemoteTestRunner.java:459)
	at org.eclipse.jdt.internal.junit.runner.RemoteTestRunner.runTests(RemoteTestRunner.java:675)
	at org.eclipse.jdt.internal.junit.runner.RemoteTestRunner.run(RemoteTestRunner.java:382)
	at org.eclipse.jdt.internal.junit.runner.RemoteTestRunner.main(RemoteTestRunner.java:192)
Caused by: net.spy.memcached.internal.CheckedOperationTimeoutException: Timed out waiting for operation - failing node: localhost/127.0.0.1:11211
	at net.spy.memcached.internal.OperationFuture.get(OperationFuture.java:167)
	at net.spy.memcached.internal.GetFuture.get(GetFuture.java:69)
	at net.spy.memcached.MemcachedClient.get(MemcachedClient.java:1228)
	... 30 more
[ERROR] [2015-07-24 10:14:58][org.mybatis.caches.memcached.MemcachedCache]Impossible to retrieve group '_mybatis_812c516200027c6d59a514c3be83675ea36daa6d' see nested exceptions
  net.spy.memcached.OperationTimeoutException: Timeout waiting for value: waited 2,500 ms. Node status: Connection Status { localhost/127.0.0.1:11211 active: false, authed: true, last read: 5,132 ms ago }
	at net.spy.memcached.MemcachedClient.get(MemcachedClient.java:1238)
	at net.spy.memcached.MemcachedClient.get(MemcachedClient.java:1255)
	at org.mybatis.caches.memcached.MemcachedClientWrapper.retrieve(MemcachedClientWrapper.java:166)
	at org.mybatis.caches.memcached.MemcachedClientWrapper.getGroup(MemcachedClientWrapper.java:113)
	at org.mybatis.caches.memcached.MemcachedClientWrapper.putObject(MemcachedClientWrapper.java:188)
	at org.mybatis.caches.memcached.MemcachedCache.putObject(MemcachedCache.java:89)
	at mavenToSSM2.MemcachedTestCase.shouldFlushAllItemsOnDemand(MemcachedTestCase.java:41)
	at sun.reflect.NativeMethodAccessorImpl.invoke0(Native Method)
	at sun.reflect.NativeMethodAccessorImpl.invoke(Unknown Source)
	at sun.reflect.DelegatingMethodAccessorImpl.invoke(Unknown Source)
	at java.lang.reflect.Method.invoke(Unknown Source)
	at org.junit.runners.model.FrameworkMethod$1.runReflectiveCall(FrameworkMethod.java:47)
	at org.junit.internal.runners.model.ReflectiveCallable.run(ReflectiveCallable.java:12)
	at org.junit.runners.model.FrameworkMethod.invokeExplosively(FrameworkMethod.java:44)
	at org.junit.internal.runners.statements.InvokeMethod.evaluate(InvokeMethod.java:17)
	at org.junit.internal.runners.statements.RunBefores.evaluate(RunBefores.java:26)
	at org.junit.runners.ParentRunner.runLeaf(ParentRunner.java:271)
	at org.junit.runners.BlockJUnit4ClassRunner.runChild(BlockJUnit4ClassRunner.java:70)
	at org.junit.runners.BlockJUnit4ClassRunner.runChild(BlockJUnit4ClassRunner.java:50)
	at org.junit.runners.ParentRunner$3.run(ParentRunner.java:238)
	at org.junit.runners.ParentRunner$1.schedule(ParentRunner.java:63)
	at org.junit.runners.ParentRunner.runChildren(ParentRunner.java:236)
	at org.junit.runners.ParentRunner.access$000(ParentRunner.java:53)
	at org.junit.runners.ParentRunner$2.evaluate(ParentRunner.java:229)
	at org.junit.runners.ParentRunner.run(ParentRunner.java:309)
	at org.eclipse.jdt.internal.junit4.runner.JUnit4TestReference.run(JUnit4TestReference.java:50)
	at org.eclipse.jdt.internal.junit.runner.TestExecution.run(TestExecution.java:38)
	at org.eclipse.jdt.internal.junit.runner.RemoteTestRunner.runTests(RemoteTestRunner.java:459)
	at org.eclipse.jdt.internal.junit.runner.RemoteTestRunner.runTests(RemoteTestRunner.java:675)
	at org.eclipse.jdt.internal.junit.runner.RemoteTestRunner.run(RemoteTestRunner.java:382)
	at org.eclipse.jdt.internal.junit.runner.RemoteTestRunner.main(RemoteTestRunner.java:192)
Caused by: net.spy.memcached.internal.CheckedOperationTimeoutException: Timed out waiting for operation - failing node: localhost/127.0.0.1:11211
	at net.spy.memcached.internal.OperationFuture.get(OperationFuture.java:167)
	at net.spy.memcached.internal.GetFuture.get(GetFuture.java:69)
	at net.spy.memcached.MemcachedClient.get(MemcachedClient.java:1228)
	... 30 more
[ERROR] [2015-07-24 10:15:01][org.mybatis.caches.memcached.MemcachedCache]Impossible to retrieve group '_mybatis_812c516200027c6d59a514c3be83675ea36daa6d' see nested exceptions
  net.spy.memcached.OperationTimeoutException: Timeout waiting for value: waited 2,500 ms. Node status: Connection Status { localhost/127.0.0.1:11211 active: false, authed: true, last read: 7,636 ms ago }
	at net.spy.memcached.MemcachedClient.get(MemcachedClient.java:1238)
	at net.spy.memcached.MemcachedClient.get(MemcachedClient.java:1255)
	at org.mybatis.caches.memcached.MemcachedClientWrapper.retrieve(MemcachedClientWrapper.java:166)
	at org.mybatis.caches.memcached.MemcachedClientWrapper.getGroup(MemcachedClientWrapper.java:113)
	at org.mybatis.caches.memcached.MemcachedClientWrapper.putObject(MemcachedClientWrapper.java:188)
	at org.mybatis.caches.memcached.MemcachedCache.putObject(MemcachedCache.java:89)
	at mavenToSSM2.MemcachedTestCase.shouldFlushAllItemsOnDemand(MemcachedTestCase.java:41)
	at sun.reflect.NativeMethodAccessorImpl.invoke0(Native Method)
	at sun.reflect.NativeMethodAccessorImpl.invoke(Unknown Source)
	at sun.reflect.DelegatingMethodAccessorImpl.invoke(Unknown Source)
	at java.lang.reflect.Method.invoke(Unknown Source)
	at org.junit.runners.model.FrameworkMethod$1.runReflectiveCall(FrameworkMethod.java:47)
	at org.junit.internal.runners.model.ReflectiveCallable.run(ReflectiveCallable.java:12)
	at org.junit.runners.model.FrameworkMethod.invokeExplosively(FrameworkMethod.java:44)
	at org.junit.internal.runners.statements.InvokeMethod.evaluate(InvokeMethod.java:17)
	at org.junit.internal.runners.statements.RunBefores.evaluate(RunBefores.java:26)
	at org.junit.runners.ParentRunner.runLeaf(ParentRunner.java:271)
	at org.junit.runners.BlockJUnit4ClassRunner.runChild(BlockJUnit4ClassRunner.java:70)
	at org.junit.runners.BlockJUnit4ClassRunner.runChild(BlockJUnit4ClassRunner.java:50)
	at org.junit.runners.ParentRunner$3.run(ParentRunner.java:238)
	at org.junit.runners.ParentRunner$1.schedule(ParentRunner.java:63)
	at org.junit.runners.ParentRunner.runChildren(ParentRunner.java:236)
	at org.junit.runners.ParentRunner.access$000(ParentRunner.java:53)
	at org.junit.runners.ParentRunner$2.evaluate(ParentRunner.java:229)
	at org.junit.runners.ParentRunner.run(ParentRunner.java:309)
	at org.eclipse.jdt.internal.junit4.runner.JUnit4TestReference.run(JUnit4TestReference.java:50)
	at org.eclipse.jdt.internal.junit.runner.TestExecution.run(TestExecution.java:38)
	at org.eclipse.jdt.internal.junit.runner.RemoteTestRunner.runTests(RemoteTestRunner.java:459)
	at org.eclipse.jdt.internal.junit.runner.RemoteTestRunner.runTests(RemoteTestRunner.java:675)
	at org.eclipse.jdt.internal.junit.runner.RemoteTestRunner.run(RemoteTestRunner.java:382)
	at org.eclipse.jdt.internal.junit.runner.RemoteTestRunner.main(RemoteTestRunner.java:192)
Caused by: net.spy.memcached.internal.CheckedOperationTimeoutException: Timed out waiting for operation - failing node: localhost/127.0.0.1:11211
	at net.spy.memcached.internal.OperationFuture.get(OperationFuture.java:167)
	at net.spy.memcached.internal.GetFuture.get(GetFuture.java:69)
	at net.spy.memcached.MemcachedClient.get(MemcachedClient.java:1228)
	... 30 more
[ERROR] [2015-07-24 10:15:03][org.mybatis.caches.memcached.MemcachedCache]Impossible to retrieve group '_mybatis_812c516200027c6d59a514c3be83675ea36daa6d' see nested exceptions
  net.spy.memcached.OperationTimeoutException: Timeout waiting for value: waited 2,500 ms. Node status: Connection Status { localhost/127.0.0.1:11211 active: false, authed: true, last read: 10,141 ms ago }
	at net.spy.memcached.MemcachedClient.get(MemcachedClient.java:1238)
	at net.spy.memcached.MemcachedClient.get(MemcachedClient.java:1255)
	at org.mybatis.caches.memcached.MemcachedClientWrapper.retrieve(MemcachedClientWrapper.java:166)
	at org.mybatis.caches.memcached.MemcachedClientWrapper.getGroup(MemcachedClientWrapper.java:113)
	at org.mybatis.caches.memcached.MemcachedClientWrapper.putObject(MemcachedClientWrapper.java:188)
	at org.mybatis.caches.memcached.MemcachedCache.putObject(MemcachedCache.java:89)
	at mavenToSSM2.MemcachedTestCase.shouldFlushAllItemsOnDemand(MemcachedTestCase.java:41)
	at sun.reflect.NativeMethodAccessorImpl.invoke0(Native Method)
	at sun.reflect.NativeMethodAccessorImpl.invoke(Unknown Source)
	at sun.reflect.DelegatingMethodAccessorImpl.invoke(Unknown Source)
	at java.lang.reflect.Method.invoke(Unknown Source)
	at org.junit.runners.model.FrameworkMethod$1.runReflectiveCall(FrameworkMethod.java:47)
	at org.junit.internal.runners.model.ReflectiveCallable.run(ReflectiveCallable.java:12)
	at org.junit.runners.model.FrameworkMethod.invokeExplosively(FrameworkMethod.java:44)
	at org.junit.internal.runners.statements.InvokeMethod.evaluate(InvokeMethod.java:17)
	at org.junit.internal.runners.statements.RunBefores.evaluate(RunBefores.java:26)
	at org.junit.runners.ParentRunner.runLeaf(ParentRunner.java:271)
	at org.junit.runners.BlockJUnit4ClassRunner.runChild(BlockJUnit4ClassRunner.java:70)
	at org.junit.runners.BlockJUnit4ClassRunner.runChild(BlockJUnit4ClassRunner.java:50)
	at org.junit.runners.ParentRunner$3.run(ParentRunner.java:238)
	at org.junit.runners.ParentRunner$1.schedule(ParentRunner.java:63)
	at org.junit.runners.ParentRunner.runChildren(ParentRunner.java:236)
	at org.junit.runners.ParentRunner.access$000(ParentRunner.java:53)
	at org.junit.runners.ParentRunner$2.evaluate(ParentRunner.java:229)
	at org.junit.runners.ParentRunner.run(ParentRunner.java:309)
	at org.eclipse.jdt.internal.junit4.runner.JUnit4TestReference.run(JUnit4TestReference.java:50)
	at org.eclipse.jdt.internal.junit.runner.TestExecution.run(TestExecution.java:38)
	at org.eclipse.jdt.internal.junit.runner.RemoteTestRunner.runTests(RemoteTestRunner.java:459)
	at org.eclipse.jdt.internal.junit.runner.RemoteTestRunner.runTests(RemoteTestRunner.java:675)
	at org.eclipse.jdt.internal.junit.runner.RemoteTestRunner.run(RemoteTestRunner.java:382)
	at org.eclipse.jdt.internal.junit.runner.RemoteTestRunner.main(RemoteTestRunner.java:192)
Caused by: net.spy.memcached.internal.CheckedOperationTimeoutException: Timed out waiting for operation - failing node: localhost/127.0.0.1:11211
	at net.spy.memcached.internal.OperationFuture.get(OperationFuture.java:167)
	at net.spy.memcached.internal.GetFuture.get(GetFuture.java:69)
	at net.spy.memcached.MemcachedClient.get(MemcachedClient.java:1228)
	... 30 more
[ERROR] [2015-07-24 10:15:06][org.mybatis.caches.memcached.MemcachedCache]Impossible to retrieve group '_mybatis_812c516200027c6d59a514c3be83675ea36daa6d' see nested exceptions
  net.spy.memcached.OperationTimeoutException: Timeout waiting for value: waited 2,500 ms. Node status: Connection Status { localhost/127.0.0.1:11211 active: false, authed: true, last read: 12,646 ms ago }
	at net.spy.memcached.MemcachedClient.get(MemcachedClient.java:1238)
	at net.spy.memcached.MemcachedClient.get(MemcachedClient.java:1255)
	at org.mybatis.caches.memcached.MemcachedClientWrapper.retrieve(MemcachedClientWrapper.java:166)
	at org.mybatis.caches.memcached.MemcachedClientWrapper.getGroup(MemcachedClientWrapper.java:113)
	at org.mybatis.caches.memcached.MemcachedClientWrapper.putObject(MemcachedClientWrapper.java:188)
	at org.mybatis.caches.memcached.MemcachedCache.putObject(MemcachedCache.java:89)
	at mavenToSSM2.MemcachedTestCase.shouldFlushAllItemsOnDemand(MemcachedTestCase.java:41)
	at sun.reflect.NativeMethodAccessorImpl.invoke0(Native Method)
	at sun.reflect.NativeMethodAccessorImpl.invoke(Unknown Source)
	at sun.reflect.DelegatingMethodAccessorImpl.invoke(Unknown Source)
	at java.lang.reflect.Method.invoke(Unknown Source)
	at org.junit.runners.model.FrameworkMethod$1.runReflectiveCall(FrameworkMethod.java:47)
	at org.junit.internal.runners.model.ReflectiveCallable.run(ReflectiveCallable.java:12)
	at org.junit.runners.model.FrameworkMethod.invokeExplosively(FrameworkMethod.java:44)
	at org.junit.internal.runners.statements.InvokeMethod.evaluate(InvokeMethod.java:17)
	at org.junit.internal.runners.statements.RunBefores.evaluate(RunBefores.java:26)
	at org.junit.runners.ParentRunner.runLeaf(ParentRunner.java:271)
	at org.junit.runners.BlockJUnit4ClassRunner.runChild(BlockJUnit4ClassRunner.java:70)
	at org.junit.runners.BlockJUnit4ClassRunner.runChild(BlockJUnit4ClassRunner.java:50)
	at org.junit.runners.ParentRunner$3.run(ParentRunner.java:238)
	at org.junit.runners.ParentRunner$1.schedule(ParentRunner.java:63)
	at org.junit.runners.ParentRunner.runChildren(ParentRunner.java:236)
	at org.junit.runners.ParentRunner.access$000(ParentRunner.java:53)
	at org.junit.runners.ParentRunner$2.evaluate(ParentRunner.java:229)
	at org.junit.runners.ParentRunner.run(ParentRunner.java:309)
	at org.eclipse.jdt.internal.junit4.runner.JUnit4TestReference.run(JUnit4TestReference.java:50)
	at org.eclipse.jdt.internal.junit.runner.TestExecution.run(TestExecution.java:38)
	at org.eclipse.jdt.internal.junit.runner.RemoteTestRunner.runTests(RemoteTestRunner.java:459)
	at org.eclipse.jdt.internal.junit.runner.RemoteTestRunner.runTests(RemoteTestRunner.java:675)
	at org.eclipse.jdt.internal.junit.runner.RemoteTestRunner.run(RemoteTestRunner.java:382)
	at org.eclipse.jdt.internal.junit.runner.RemoteTestRunner.main(RemoteTestRunner.java:192)
Caused by: net.spy.memcached.internal.CheckedOperationTimeoutException: Timed out waiting for operation - failing node: localhost/127.0.0.1:11211
	at net.spy.memcached.internal.OperationFuture.get(OperationFuture.java:167)
	at net.spy.memcached.internal.GetFuture.get(GetFuture.java:69)
	at net.spy.memcached.MemcachedClient.get(MemcachedClient.java:1228)
	... 30 more
[ERROR] [2015-07-24 10:15:11][org.mybatis.caches.memcached.MemcachedCache]Impossible to retrieve group '_mybatis_812c516200027c6d59a514c3be83675ea36daa6d' see nested exceptions
  net.spy.memcached.OperationTimeoutException: Timeout waiting for value: waited 2,500 ms. Node status: Connection Status { localhost/127.0.0.1:11211 active: false, authed: true, last read: 17,661 ms ago }
	at net.spy.memcached.MemcachedClient.get(MemcachedClient.java:1238)
	at net.spy.memcached.MemcachedClient.get(MemcachedClient.java:1255)
	at org.mybatis.caches.memcached.MemcachedClientWrapper.retrieve(MemcachedClientWrapper.java:166)
	at org.mybatis.caches.memcached.MemcachedClientWrapper.getGroup(MemcachedClientWrapper.java:113)
	at org.mybatis.caches.memcached.MemcachedClientWrapper.putObject(MemcachedClientWrapper.java:188)
	at org.mybatis.caches.memcached.MemcachedCache.putObject(MemcachedCache.java:89)
	at mavenToSSM2.MemcachedTestCase.shouldRemoveItemOnDemand(MemcachedTestCase.java:31)
	at sun.reflect.NativeMethodAccessorImpl.invoke0(Native Method)
	at sun.reflect.NativeMethodAccessorImpl.invoke(Unknown Source)
	at sun.reflect.DelegatingMethodAccessorImpl.invoke(Unknown Source)
	at java.lang.reflect.Method.invoke(Unknown Source)
	at org.junit.runners.model.FrameworkMethod$1.runReflectiveCall(FrameworkMethod.java:47)
	at org.junit.internal.runners.model.ReflectiveCallable.run(ReflectiveCallable.java:12)
	at org.junit.runners.model.FrameworkMethod.invokeExplosively(FrameworkMethod.java:44)
	at org.junit.internal.runners.statements.InvokeMethod.evaluate(InvokeMethod.java:17)
	at org.junit.internal.runners.statements.RunBefores.evaluate(RunBefores.java:26)
	at org.junit.runners.ParentRunner.runLeaf(ParentRunner.java:271)
	at org.junit.runners.BlockJUnit4ClassRunner.runChild(BlockJUnit4ClassRunner.java:70)
	at org.junit.runners.BlockJUnit4ClassRunner.runChild(BlockJUnit4ClassRunner.java:50)
	at org.junit.runners.ParentRunner$3.run(ParentRunner.java:238)
	at org.junit.runners.ParentRunner$1.schedule(ParentRunner.java:63)
	at org.junit.runners.ParentRunner.runChildren(ParentRunner.java:236)
	at org.junit.runners.ParentRunner.access$000(ParentRunner.java:53)
	at org.junit.runners.ParentRunner$2.evaluate(ParentRunner.java:229)
	at org.junit.runners.ParentRunner.run(ParentRunner.java:309)
	at org.eclipse.jdt.internal.junit4.runner.JUnit4TestReference.run(JUnit4TestReference.java:50)
	at org.eclipse.jdt.internal.junit.runner.TestExecution.run(TestExecution.java:38)
	at org.eclipse.jdt.internal.junit.runner.RemoteTestRunner.runTests(RemoteTestRunner.java:459)
	at org.eclipse.jdt.internal.junit.runner.RemoteTestRunner.runTests(RemoteTestRunner.java:675)
	at org.eclipse.jdt.internal.junit.runner.RemoteTestRunner.run(RemoteTestRunner.java:382)
	at org.eclipse.jdt.internal.junit.runner.RemoteTestRunner.main(RemoteTestRunner.java:192)
Caused by: net.spy.memcached.internal.CheckedOperationTimeoutException: Timed out waiting for operation - failing node: localhost/127.0.0.1:11211
	at net.spy.memcached.internal.OperationFuture.get(OperationFuture.java:167)
	at net.spy.memcached.internal.GetFuture.get(GetFuture.java:69)
	at net.spy.memcached.MemcachedClient.get(MemcachedClient.java:1228)
	... 30 more
[ERROR] [2015-07-24 10:15:16][org.mybatis.caches.memcached.MemcachedCache]Impossible to retrieve group '_mybatis_812c516200027c6d59a514c3be83675ea36daa6d' see nested exceptions
  net.spy.memcached.OperationTimeoutException: Timeout waiting for value: waited 2,500 ms. Node status: Connection Status { localhost/127.0.0.1:11211 active: false, authed: true, last read: 22,668 ms ago }
	at net.spy.memcached.MemcachedClient.get(MemcachedClient.java:1238)
	at net.spy.memcached.MemcachedClient.get(MemcachedClient.java:1255)
	at org.mybatis.caches.memcached.MemcachedClientWrapper.retrieve(MemcachedClientWrapper.java:166)
	at org.mybatis.caches.memcached.MemcachedClientWrapper.getGroup(MemcachedClientWrapper.java:113)
	at org.mybatis.caches.memcached.MemcachedClientWrapper.putObject(MemcachedClientWrapper.java:188)
	at org.mybatis.caches.memcached.MemcachedCache.putObject(MemcachedCache.java:89)
	at mavenToSSM2.MemcachedTestCase.shouldDemonstrateCopiesAreEqual(MemcachedTestCase.java:24)
	at sun.reflect.NativeMethodAccessorImpl.invoke0(Native Method)
	at sun.reflect.NativeMethodAccessorImpl.invoke(Unknown Source)
	at sun.reflect.DelegatingMethodAccessorImpl.invoke(Unknown Source)
	at java.lang.reflect.Method.invoke(Unknown Source)
	at org.junit.runners.model.FrameworkMethod$1.runReflectiveCall(FrameworkMethod.java:47)
	at org.junit.internal.runners.model.ReflectiveCallable.run(ReflectiveCallable.java:12)
	at org.junit.runners.model.FrameworkMethod.invokeExplosively(FrameworkMethod.java:44)
	at org.junit.internal.runners.statements.InvokeMethod.evaluate(InvokeMethod.java:17)
	at org.junit.internal.runners.statements.RunBefores.evaluate(RunBefores.java:26)
	at org.junit.runners.ParentRunner.runLeaf(ParentRunner.java:271)
	at org.junit.runners.BlockJUnit4ClassRunner.runChild(BlockJUnit4ClassRunner.java:70)
	at org.junit.runners.BlockJUnit4ClassRunner.runChild(BlockJUnit4ClassRunner.java:50)
	at org.junit.runners.ParentRunner$3.run(ParentRunner.java:238)
	at org.junit.runners.ParentRunner$1.schedule(ParentRunner.java:63)
	at org.junit.runners.ParentRunner.runChildren(ParentRunner.java:236)
	at org.junit.runners.ParentRunner.access$000(ParentRunner.java:53)
	at org.junit.runners.ParentRunner$2.evaluate(ParentRunner.java:229)
	at org.junit.runners.ParentRunner.run(ParentRunner.java:309)
	at org.eclipse.jdt.internal.junit4.runner.JUnit4TestReference.run(JUnit4TestReference.java:50)
	at org.eclipse.jdt.internal.junit.runner.TestExecution.run(TestExecution.java:38)
	at org.eclipse.jdt.internal.junit.runner.RemoteTestRunner.runTests(RemoteTestRunner.java:459)
	at org.eclipse.jdt.internal.junit.runner.RemoteTestRunner.runTests(RemoteTestRunner.java:675)
	at org.eclipse.jdt.internal.junit.runner.RemoteTestRunner.run(RemoteTestRunner.java:382)
	at org.eclipse.jdt.internal.junit.runner.RemoteTestRunner.main(RemoteTestRunner.java:192)
Caused by: net.spy.memcached.internal.CheckedOperationTimeoutException: Timed out waiting for operation - failing node: localhost/127.0.0.1:11211
	at net.spy.memcached.internal.OperationFuture.get(OperationFuture.java:167)
	at net.spy.memcached.internal.GetFuture.get(GetFuture.java:69)
	at net.spy.memcached.MemcachedClient.get(MemcachedClient.java:1228)
	... 30 more
